<?xml version="1.0" encoding="UTF-8"?>
<!-- Generated by org.testng.reporters.JUnitReportReporter -->
<testsuite hostname="LAPTOP-PJ7LKN2N" failures="0" tests="1" name="arithmatic.Calculate" time="4.742" errors="0" timestamp="2022-06-18T10:22:59 IST" skipped="0">
  <testcase classname="arithmatic.Calculate" name="testcase" time="4.742"/>
  <system-out/>
</testsuite> <!-- arithmatic.Calculate -->
